<?xml version="1.0" encoding="UTF-8"?>
<testsuites>
  <testsuite name="Tests" tests="16" assertions="25" failures="0" errors="0" time="0.419246">
    <testsuite name="advancedHelpTest" file="/Volumes/Data/Users/aklump/Code/Packages/bash/loft_docs/core/tests/AdvancedHelpTest.php" tests="3" assertions="3" failures="0" errors="0" time="0.218723">
      <testcase name="testImages" class="advancedHelpTest" file="/Volumes/Data/Users/aklump/Code/Packages/bash/loft_docs/core/tests/AdvancedHelpTest.php" line="15" assertions="1" time="0.096362"/>
      <testcase name="testHelpLinks" class="advancedHelpTest" file="/Volumes/Data/Users/aklump/Code/Packages/bash/loft_docs/core/tests/AdvancedHelpTest.php" line="45" assertions="1" time="0.060001"/>
      <testcase name="testRemoveH1Tag" class="advancedHelpTest" file="/Volumes/Data/Users/aklump/Code/Packages/bash/loft_docs/core/tests/AdvancedHelpTest.php" line="71" assertions="1" time="0.062360"/>
    </testsuite>
    <testsuite name="TodosTest" file="/Volumes/Data/Users/aklump/Code/Packages/bash/loft_docs/core/tests/TodosTest.php" tests="6" assertions="11" failures="0" errors="0" time="0.084773">
      <testcase name="testParseTodosWithPrefix" class="TodosTest" file="/Volumes/Data/Users/aklump/Code/Packages/bash/loft_docs/core/tests/TodosTest.php" line="14" assertions="1" time="0.013158"/>
      <testcase name="test_flatten_todos" class="TodosTest" file="/Volumes/Data/Users/aklump/Code/Packages/bash/loft_docs/core/tests/TodosTest.php" line="20" assertions="1" time="0.014027"/>
      <testcase name="test_get_weight" class="TodosTest" file="/Volumes/Data/Users/aklump/Code/Packages/bash/loft_docs/core/tests/TodosTest.php" line="30" assertions="5" time="0.015363"/>
      <testcase name="testSortTodosRemovesDuplicates" class="TodosTest" file="/Volumes/Data/Users/aklump/Code/Packages/bash/loft_docs/core/tests/TodosTest.php" line="38" assertions="1" time="0.014757"/>
      <testcase name="test_sort_todos" class="TodosTest" file="/Volumes/Data/Users/aklump/Code/Packages/bash/loft_docs/core/tests/TodosTest.php" line="52" assertions="1" time="0.014126"/>
      <testcase name="test_parse_todos" class="TodosTest" file="/Volumes/Data/Users/aklump/Code/Packages/bash/loft_docs/core/tests/TodosTest.php" line="67" assertions="2" time="0.013342"/>
    </testsuite>
    <testsuite name="AKlump\LoftDocs\SearchHtmlTest" file="/Volumes/Data/Users/aklump/Code/Packages/bash/loft_docs/core/tests/phpunit/SearchHtmlTest.php" tests="3" assertions="7" failures="0" errors="0" time="0.050021">
      <testcase name="testNoTags" class="AKlump\LoftDocs\SearchHtmlTest" file="/Volumes/Data/Users/aklump/Code/Packages/bash/loft_docs/core/tests/phpunit/SearchHtmlTest.php" line="12" assertions="3" time="0.016948"/>
      <testcase name="testTitle" class="AKlump\LoftDocs\SearchHtmlTest" file="/Volumes/Data/Users/aklump/Code/Packages/bash/loft_docs/core/tests/phpunit/SearchHtmlTest.php" line="20" assertions="3" time="0.019501"/>
      <testcase name="testReturnsObject" class="AKlump\LoftDocs\SearchHtmlTest" file="/Volumes/Data/Users/aklump/Code/Packages/bash/loft_docs/core/tests/phpunit/SearchHtmlTest.php" line="28" assertions="1" time="0.013572"/>
    </testsuite>
    <testsuite name="AKlump\LoftDocs\SearchPageDataTest" file="/Volumes/Data/Users/aklump/Code/Packages/bash/loft_docs/core/tests/phpunit/SearchPageDataTest.php" tests="1" assertions="1" failures="0" errors="0" time="0.014670">
      <testcase name="testTagsWithSpacesThrows" class="AKlump\LoftDocs\SearchPageDataTest" file="/Volumes/Data/Users/aklump/Code/Packages/bash/loft_docs/core/tests/phpunit/SearchPageDataTest.php" line="15" assertions="1" time="0.014670"/>
    </testsuite>
    <testsuite name="AKlump\LoftDocs\TipueSearchTest" file="/Volumes/Data/Users/aklump/Code/Packages/bash/loft_docs/core/tests/phpunit/TipueSearchTest.php" tests="3" assertions="3" failures="0" errors="0" time="0.051059">
      <testcase name="testAddTwoSortsCorrectly" class="AKlump\LoftDocs\TipueSearchTest" file="/Volumes/Data/Users/aklump/Code/Packages/bash/loft_docs/core/tests/phpunit/TipueSearchTest.php" line="12" assertions="1" time="0.019712"/>
      <testcase name="testAddDuplicatesFilters" class="AKlump\LoftDocs\TipueSearchTest" file="/Volumes/Data/Users/aklump/Code/Packages/bash/loft_docs/core/tests/phpunit/TipueSearchTest.php" line="24" assertions="1" time="0.015909"/>
      <testcase name="testAddOneGet" class="AKlump\LoftDocs\TipueSearchTest" file="/Volumes/Data/Users/aklump/Code/Packages/bash/loft_docs/core/tests/phpunit/TipueSearchTest.php" line="35" assertions="1" time="0.015438"/>
    </testsuite>
  </testsuite>
</testsuites>
